Library2/androidSpecific_Library1/build/intermediates/manifest_merge_blame_file/debug/manifest-merger-blame-debug-report.txt
1<?xml version="1.0" encoding="utf-8"?>
2<manifest xmlns:android="http://schemas.android.com/apk/res/android"
3    package="de.ecspride.lib1"
4    android:versionCode="1"
5    android:versionName="1.0" >
6
7    <uses-sdk
7-->src\main\AndroidManifest.xml:6:5-47
8        android:minSdkVersion="8"
8-->src\main\AndroidManifest.xml:6:5-47
9        android:targetSdkVersion="18" />
9-->src\main\AndroidManifest.xml:6:15-44
10
11    <uses-permission android:name="android.permission.READ_PHONE_STATE" />
11-->src\main\AndroidManifest.xml:8:5-75
11-->src\main\AndroidManifest.xml:8:22-72
12
13    <application
13-->src\main\AndroidManifest.xml:9:5-14:19
14        android:allowBackup="true"
14-->src\main\AndroidManifest.xml:10:9-35
15        android:icon="@drawable/ic_launcher"
15-->src\main\AndroidManifest.xml:11:9-45
16        android:label="@string/app_name"
16-->src\main\AndroidManifest.xml:12:9-41
17        android:theme="@style/AppTheme" >
17-->src\main\AndroidManifest.xml:13:9-40
18    </application>
19
20</manifest>